{"links": {"self": {"href": "data/repositories/ignitionrobotics/ign-transport/commit/1be5b3072225193679fe90e7d56940b0cfd599fa/comments/1029746.json"}, "html": {"href": "#!/ignitionrobotics/ign-transport/commits/1be5b3072225193679fe90e7d56940b0cfd599fa#comment-1029746"}}, "deleted": false, "content": {"raw": "This appears to have triggered some test failures:\n\nhttps://drone.io/bitbucket.org/ignitionrobotics/ign_transport/214\n\n~~~\n1: [----------] 10 tests from DiscoveryTest\n1: [ RUN      ] DiscoveryTest.TestBasicAPI\n1: [       OK ] DiscoveryTest.TestBasicAPI (1219 ms)\n1: [ RUN      ] DiscoveryTest.TestAdvertiseNoResponse\n1: [       OK ] DiscoveryTest.TestAdvertiseNoResponse (3111 ms)\n1: [ RUN      ] DiscoveryTest.TestAdvertiseNoResponseMF\n1: [       OK ] DiscoveryTest.TestAdvertiseNoResponseMF (3109 ms)\n1: [ RUN      ] DiscoveryTest.TestAdvertise\n1: [       OK ] DiscoveryTest.TestAdvertise (2109 ms)\n1: [ RUN      ] DiscoveryTest.TestAdvertiseMF\n1: [       OK ] DiscoveryTest.TestAdvertiseMF (2107 ms)\n1: [ RUN      ] DiscoveryTest.TestDiscover\n1: /home/ubuntu/src/bitbucket.org/ignitionrobotics/ign_transport/src/Discovery_TEST.cc:300: Failure\n1: Value of: connectionExecuted\n1:   Actual: true\n1: Expected: false\n1: [  FAILED  ] DiscoveryTest.TestDiscover (2109 ms)\n1: [ RUN      ] DiscoveryTest.TestUnadvertise\n1: [       OK ] DiscoveryTest.TestUnadvertise (3109 ms)\n1: [ RUN      ] DiscoveryTest.TestUnadvertiseMF\n1: [       OK ] DiscoveryTest.TestUnadvertiseMF (3107 ms)\n1: [ RUN      ] DiscoveryTest.TestNodeBye\n1: [       OK ] DiscoveryTest.TestNodeBye (3108 ms)\n1: [ RUN      ] DiscoveryTest.TestTwoPublishersSameTopic\n1: /home/ubuntu/src/bitbucket.org/ignitionrobotics/ign_transport/src/Discovery_TEST.cc:451: Failure\n1: Value of: connectionExecuted\n1:   Actual: true\n1: Expected: false\n1: /home/ubuntu/src/bitbucket.org/ignitionrobotics/ign_transport/src/Discovery_TEST.cc:467: Failure\n1: Value of: 2\n1: Expected: counter\n1: Which is: 3\n1: [  FAILED  ] DiscoveryTest.TestTwoPublishersSameTopic (2108 ms)\n1: [----------] 10 tests from DiscoveryTest (25198 ms total)\n1: \n1: [----------] Global test environment tear-down\n1: [==========] 10 tests from 1 test case ran. (25198 ms total)\n1: [  PASSED  ] 8 tests.\n1: [  FAILED  ] 2 tests, listed below:\n1: [  FAILED  ] DiscoveryTest.TestDiscover\n1: [  FAILED  ] DiscoveryTest.TestTwoPublishersSameTopic\n1: \n1:  2 FAILED TESTS\n 1/22 Test  #1: UNIT_Discovery_TEST .........................***Failed   25.55 sec\n~~~", "markup": "markdown", "html": "<p>This appears to have triggered some test failures:</p>\n<p><a href=\"https://drone.io/bitbucket.org/ignitionrobotics/ign_transport/214\" rel=\"nofollow\" class=\"ap-connect-link\">https://drone.io/bitbucket.org/ignitionrobotics/ign_transport/214</a></p>\n<div class=\"codehilite\"><pre><span></span>1: [----------] 10 tests from DiscoveryTest\n1: [ RUN      ] DiscoveryTest.TestBasicAPI\n1: [       OK ] DiscoveryTest.TestBasicAPI (1219 ms)\n1: [ RUN      ] DiscoveryTest.TestAdvertiseNoResponse\n1: [       OK ] DiscoveryTest.TestAdvertiseNoResponse (3111 ms)\n1: [ RUN      ] DiscoveryTest.TestAdvertiseNoResponseMF\n1: [       OK ] DiscoveryTest.TestAdvertiseNoResponseMF (3109 ms)\n1: [ RUN      ] DiscoveryTest.TestAdvertise\n1: [       OK ] DiscoveryTest.TestAdvertise (2109 ms)\n1: [ RUN      ] DiscoveryTest.TestAdvertiseMF\n1: [       OK ] DiscoveryTest.TestAdvertiseMF (2107 ms)\n1: [ RUN      ] DiscoveryTest.TestDiscover\n1: /home/ubuntu/src/bitbucket.org/ignitionrobotics/ign_transport/src/Discovery_TEST.cc:300: Failure\n1: Value of: connectionExecuted\n1:   Actual: true\n1: Expected: false\n1: [  FAILED  ] DiscoveryTest.TestDiscover (2109 ms)\n1: [ RUN      ] DiscoveryTest.TestUnadvertise\n1: [       OK ] DiscoveryTest.TestUnadvertise (3109 ms)\n1: [ RUN      ] DiscoveryTest.TestUnadvertiseMF\n1: [       OK ] DiscoveryTest.TestUnadvertiseMF (3107 ms)\n1: [ RUN      ] DiscoveryTest.TestNodeBye\n1: [       OK ] DiscoveryTest.TestNodeBye (3108 ms)\n1: [ RUN      ] DiscoveryTest.TestTwoPublishersSameTopic\n1: /home/ubuntu/src/bitbucket.org/ignitionrobotics/ign_transport/src/Discovery_TEST.cc:451: Failure\n1: Value of: connectionExecuted\n1:   Actual: true\n1: Expected: false\n1: /home/ubuntu/src/bitbucket.org/ignitionrobotics/ign_transport/src/Discovery_TEST.cc:467: Failure\n1: Value of: 2\n1: Expected: counter\n1: Which is: 3\n1: [  FAILED  ] DiscoveryTest.TestTwoPublishersSameTopic (2108 ms)\n1: [----------] 10 tests from DiscoveryTest (25198 ms total)\n1: \n1: [----------] Global test environment tear-down\n1: [==========] 10 tests from 1 test case ran. (25198 ms total)\n1: [  PASSED  ] 8 tests.\n1: [  FAILED  ] 2 tests, listed below:\n1: [  FAILED  ] DiscoveryTest.TestDiscover\n1: [  FAILED  ] DiscoveryTest.TestTwoPublishersSameTopic\n1: \n1:  2 FAILED TESTS\n 1/22 Test  #1: UNIT_Discovery_TEST .........................***Failed   25.55 sec\n</pre></div>", "type": "rendered"}, "created_on": "2014-06-18T23:50:11.421831+00:00", "user": {"display_name": "Steve Peters", "uuid": "{2ccfed09-18b8-4921-8d58-15ef01092802}", "links": {"self": {"href": "https://api.bitbucket.org/2.0/users/%7B2ccfed09-18b8-4921-8d58-15ef01092802%7D"}, "html": {"href": "https://bitbucket.org/%7B2ccfed09-18b8-4921-8d58-15ef01092802%7D/"}, "avatar": {"href": "data/secure.gravatar.com/avatar/1fb4816dad9e68337d3096f750951f6cd=httpsavatar-management--avatars.us-west-2.prod.public.atl-paas.netinitialsSP-1.png"}}, "nickname": "Steven Peters", "type": "user", "account_id": "557058:5de38267-b118-494c-aa76-4fab35448816"}, "commit": {"hash": "1be5b3072225193679fe90e7d56940b0cfd599fa", "type": "commit", "links": {"self": {"href": "data/repositories/ignitionrobotics/ign-transport/commit/1be5b3072225193679fe90e7d56940b0cfd599fa.json"}, "html": {"href": "#!/ignitionrobotics/ign-transport/commits/1be5b3072225193679fe90e7d56940b0cfd599fa"}}}, "updated_on": "2014-06-18T23:50:11.429152+00:00", "type": "commit_comment", "id": 1029746}