{"pagelen": 100, "values": [{"links": {"self": {"href": "data/repositories/ignitionrobotics/ign-transport/issues/113/comments/53840780.json"}, "html": {"href": "#!/ignitionrobotics/ign-transport/issues/113#comment-53840780"}}, "issue": {"links": {"self": {"href": "data/repositories/ignitionrobotics/ign-transport/issues/113.json"}}, "type": "issue", "id": 113, "repository": {"links": {"self": {"href": "data/repositories/ignitionrobotics/ign-transport.json"}, "html": {"href": "#!/ignitionrobotics/ign-transport"}, "avatar": {"href": "data/bytebucket.org/ravatar/{4249390a-7f55-404b-990d-817ba94cc7ac}ts=1533306"}}, "type": "repository", "name": "ign-transport", "full_name": "ignitionrobotics/ign-transport", "uuid": "{4249390a-7f55-404b-990d-817ba94cc7ac}"}, "title": "[Fedora KDE] Tests do not pass on fresh source install - Discovery fails"}, "content": {"raw": "Can you provide more detail about the test failures by setting the `CTEST_OUTPUT_ON_FAILURE` environment variable and running `make test` again?", "markup": "markdown", "html": "<p>Can you provide more detail about the test failures by setting the <code>CTEST_OUTPUT_ON_FAILURE</code> environment variable and running <code>make test</code> again?</p>", "type": "rendered"}, "created_on": "2019-09-10T18:48:42.400747+00:00", "user": {"display_name": "Steve Peters", "uuid": "{2ccfed09-18b8-4921-8d58-15ef01092802}", "links": {"self": {"href": "https://api.bitbucket.org/2.0/users/%7B2ccfed09-18b8-4921-8d58-15ef01092802%7D"}, "html": {"href": "https://bitbucket.org/%7B2ccfed09-18b8-4921-8d58-15ef01092802%7D/"}, "avatar": {"href": "data/secure.gravatar.com/avatar/1fb4816dad9e68337d3096f750951f6cd=httpsavatar-management--avatars.us-west-2.prod.public.atl-paas.netinitialsSP-1.png"}}, "nickname": "Steven Peters", "type": "user", "account_id": "557058:5de38267-b118-494c-aa76-4fab35448816"}, "updated_on": null, "type": "issue_comment", "id": 53840780}, {"links": {"self": {"href": "data/repositories/ignitionrobotics/ign-transport/issues/113/comments/53842845.json"}, "html": {"href": "#!/ignitionrobotics/ign-transport/issues/113#comment-53842845"}}, "issue": {"links": {"self": {"href": "data/repositories/ignitionrobotics/ign-transport/issues/113.json"}}, "type": "issue", "id": 113, "repository": {"links": {"self": {"href": "data/repositories/ignitionrobotics/ign-transport.json"}, "html": {"href": "#!/ignitionrobotics/ign-transport"}, "avatar": {"href": "data/bytebucket.org/ravatar/{4249390a-7f55-404b-990d-817ba94cc7ac}ts=1533306"}}, "type": "repository", "name": "ign-transport", "full_name": "ignitionrobotics/ign-transport", "uuid": "{4249390a-7f55-404b-990d-817ba94cc7ac}"}, "title": "[Fedora KDE] Tests do not pass on fresh source install - Discovery fails"}, "content": {"raw": "Long log ahead:\n\n```\n(venv) [t@tpc build]$ CTEST_OUTPUT_ON_FAILURE=ON make test\nRunning tests...\nTest project /home/t/projects/debris/approach-simulator/ignitionrobotics/ign-transport/build\n      Start  1: UNIT_AdvertiseOptions_TEST\n 1/90 Test  #1: UNIT_AdvertiseOptions_TEST .............................   Passed    0.01 sec\n      Start  2: check_UNIT_AdvertiseOptions_TEST\n 2/90 Test  #2: check_UNIT_AdvertiseOptions_TEST .......................   Passed    0.02 sec\n      Start  3: UNIT_CIface_TEST\n 3/90 Test  #3: UNIT_CIface_TEST .......................................   Passed    0.12 sec\n      Start  4: check_UNIT_CIface_TEST\n 4/90 Test  #4: check_UNIT_CIface_TEST .................................   Passed    0.03 sec\n      Start  5: UNIT_Clock_TEST\n 5/90 Test  #5: UNIT_Clock_TEST ........................................   Passed    1.42 sec\n      Start  6: check_UNIT_Clock_TEST\n 6/90 Test  #6: check_UNIT_Clock_TEST ..................................   Passed    0.02 sec\n      Start  7: UNIT_Discovery_TEST\n 7/90 Test  #7: UNIT_Discovery_TEST ....................................***Failed   17.43 sec\nRunning main() from gtest_main.cc\n[==========] Running 11 tests from 1 test case.\n[----------] Global test environment set-up.\n[----------] 11 tests from DiscoveryTest\n[ RUN      ] DiscoveryTest.TestBasicAPI\n[       OK ] DiscoveryTest.TestBasicAPI (1 ms)\n[ RUN      ] DiscoveryTest.WithoutCallingStart\n[       OK ] DiscoveryTest.WithoutCallingStart (1 ms)\n[ RUN      ] DiscoveryTest.TestAdvertiseNoResponse\n[       OK ] DiscoveryTest.TestAdvertiseNoResponse (1102 ms)\n[ RUN      ] DiscoveryTest.TestAdvertise\n---------------\nEnabled: false\nDiscovery state\n        UUID: 8ed5cf66-b448-42db-a088-37efba4d2c21\nSettings\n        Activity: 100 ms.\n        Heartbeat: 1000ms.\n        Silence: 3000 ms.\nKnown information:\n---\nActivity\n        <empty>\n---------------\n        * Sending HEARTBEAT msg []\n        * Sending HEARTBEAT msg []\n/home/t/projects/debris/approach-simulator/ignitionrobotics/ign-transport/src/Discovery_TEST.cc:231: Failure\nValue of: connectionExecuted\n  Actual: false\nExpected: true\n        * Sending HEARTBEAT msg []\n        * Sending HEARTBEAT msg []\n/home/t/projects/debris/approach-simulator/ignitionrobotics/ign-transport/src/Discovery_TEST.cc:260: Failure\nValue of: connectionExecuted\n  Actual: false\nExpected: true\n        * Sending BYE msg []\n[  FAILED  ] DiscoveryTest.TestAdvertise (3103 ms)\n[ RUN      ] DiscoveryTest.TestAdvertiseSameProc\n[       OK ] DiscoveryTest.TestAdvertiseSameProc (1102 ms)\n[ RUN      ] DiscoveryTest.TestDiscover\n/home/t/projects/debris/approach-simulator/ignitionrobotics/ign-transport/src/Discovery_TEST.cc:325: Failure\nValue of: connectionExecuted\n  Actual: false\nExpected: true\n/home/t/projects/debris/approach-simulator/ignitionrobotics/ign-transport/src/Discovery_TEST.cc:336: Failure\nValue of: connectionExecuted\n  Actual: false\nExpected: true\n[  FAILED  ] DiscoveryTest.TestDiscover (1301 ms)\n[ RUN      ] DiscoveryTest.TestUnadvertise\n/home/t/projects/debris/approach-simulator/ignitionrobotics/ign-transport/src/Discovery_TEST.cc:377: Failure\nValue of: disconnectionExecuted\n  Actual: false\nExpected: true\n[  FAILED  ] DiscoveryTest.TestUnadvertise (2103 ms)\n[ RUN      ] DiscoveryTest.TestNodeBye\n/home/t/projects/debris/approach-simulator/ignitionrobotics/ign-transport/src/Discovery_TEST.cc:423: Failure\nValue of: disconnectionExecuted\n  Actual: false\nExpected: true\n[  FAILED  ] DiscoveryTest.TestNodeBye (2203 ms)\n[ RUN      ] DiscoveryTest.TestTwoPublishersSameTopic\n/home/t/projects/debris/approach-simulator/ignitionrobotics/ign-transport/src/Discovery_TEST.cc:472: Failure\nExpected equality of these values:\n  g_counter\n    Which is: 1\n  2\n/home/t/projects/debris/approach-simulator/ignitionrobotics/ign-transport/src/Discovery_TEST.cc:484: Failure\nExpected equality of these values:\n  g_counter\n    Which is: 1\n  2\n[  FAILED  ] DiscoveryTest.TestTwoPublishersSameTopic (1402 ms)\n[ RUN      ] DiscoveryTest.TestActivity\n/home/t/projects/debris/approach-simulator/ignitionrobotics/ign-transport/src/Discovery_TEST.cc:80: Failure\nExpected equality of these values:\n  this->activity.find(_pUuid) != this->activity.end()\n    Which is: false\n  _expectedActivity\n    Which is: true\n/home/t/projects/debris/approach-simulator/ignitionrobotics/ign-transport/src/Discovery_TEST.cc:80: Failure\nExpected equality of these values:\n  this->activity.find(_pUuid) != this->activity.end()\n    Which is: false\n  _expectedActivity\n    Which is: true\n[  FAILED  ] DiscoveryTest.TestActivity (5103 ms)\n[ RUN      ] DiscoveryTest.WrongIgnIp\nError setting socket option (IP_MULTICAST_IF).\nDid you set the environment variable IGN_IP with a correct IP address? \n  [127.0.0.0] seems an invalid local IP address.\n  Using 127.0.0.1 as hostname.\n[       OK ] DiscoveryTest.WrongIgnIp (0 ms)\n[----------] 11 tests from DiscoveryTest (17422 ms total)\n\n[----------] Global test environment tear-down\n[==========] 11 tests from 1 test case ran. (17422 ms total)\n[  PASSED  ] 5 tests.\n[  FAILED  ] 6 tests, listed below:\n[  FAILED  ] DiscoveryTest.TestAdvertise\n[  FAILED  ] DiscoveryTest.TestDiscover\n[  FAILED  ] DiscoveryTest.TestUnadvertise\n[  FAILED  ] DiscoveryTest.TestNodeBye\n[  FAILED  ] DiscoveryTest.TestTwoPublishersSameTopic\n[  FAILED  ] DiscoveryTest.TestActivity\n\n 6 FAILED TESTS\n\n      Start  8: check_UNIT_Discovery_TEST\n 8/90 Test  #8: check_UNIT_Discovery_TEST ..............................   Passed    0.03 sec\n      Start  9: UNIT_HandlerStorage_TEST\n 9/90 Test  #9: UNIT_HandlerStorage_TEST ...............................   Passed    0.02 sec\n      Start 10: check_UNIT_HandlerStorage_TEST\n10/90 Test #10: check_UNIT_HandlerStorage_TEST .........................   Passed    0.03 sec\n      Start 11: UNIT_Helpers_TEST\n11/90 Test #11: UNIT_Helpers_TEST ......................................   Passed    0.02 sec\n      Start 12: check_UNIT_Helpers_TEST\n12/90 Test #12: check_UNIT_Helpers_TEST ................................   Passed    0.02 sec\n      Start 13: UNIT_MessageInfo_TEST\n13/90 Test #13: UNIT_MessageInfo_TEST ..................................   Passed    0.01 sec\n      Start 14: check_UNIT_MessageInfo_TEST\n14/90 Test #14: check_UNIT_MessageInfo_TEST ............................   Passed    0.02 sec\n      Start 15: UNIT_NetUtils_TEST\n15/90 Test #15: UNIT_NetUtils_TEST .....................................   Passed    0.01 sec\n      Start 16: check_UNIT_NetUtils_TEST\n16/90 Test #16: check_UNIT_NetUtils_TEST ...............................   Passed    0.02 sec\n      Start 17: UNIT_NodeOptions_TEST\n17/90 Test #17: UNIT_NodeOptions_TEST ..................................   Passed    0.02 sec\n      Start 18: check_UNIT_NodeOptions_TEST\n18/90 Test #18: check_UNIT_NodeOptions_TEST ............................   Passed    0.03 sec\n      Start 19: UNIT_Node_TEST\n19/90 Test #19: UNIT_Node_TEST .........................................   Passed   17.92 sec\n      Start 20: check_UNIT_Node_TEST\n20/90 Test #20: check_UNIT_Node_TEST ...................................   Passed    0.03 sec\n      Start 21: UNIT_Packet_TEST\n21/90 Test #21: UNIT_Packet_TEST .......................................   Passed    0.02 sec\n      Start 22: check_UNIT_Packet_TEST\n22/90 Test #22: check_UNIT_Packet_TEST .................................   Passed    0.02 sec\n      Start 23: UNIT_Publisher_TEST\n23/90 Test #23: UNIT_Publisher_TEST ....................................   Passed    0.02 sec\n      Start 24: check_UNIT_Publisher_TEST\n24/90 Test #24: check_UNIT_Publisher_TEST ..............................   Passed    0.02 sec\n      Start 25: UNIT_SubscribeOptions_TEST\n25/90 Test #25: UNIT_SubscribeOptions_TEST .............................   Passed    0.02 sec\n      Start 26: check_UNIT_SubscribeOptions_TEST\n26/90 Test #26: check_UNIT_SubscribeOptions_TEST .......................   Passed    0.03 sec\n      Start 27: UNIT_TopicStorage_TEST\n27/90 Test #27: UNIT_TopicStorage_TEST .................................   Passed    0.02 sec\n      Start 28: check_UNIT_TopicStorage_TEST\n28/90 Test #28: check_UNIT_TopicStorage_TEST ...........................   Passed    0.02 sec\n      Start 29: UNIT_TopicUtils_TEST\n29/90 Test #29: UNIT_TopicUtils_TEST ...................................   Passed    0.02 sec\n      Start 30: check_UNIT_TopicUtils_TEST\n30/90 Test #30: check_UNIT_TopicUtils_TEST .............................   Passed    0.02 sec\n      Start 31: UNIT_Uuid_TEST\n31/90 Test #31: UNIT_Uuid_TEST .........................................   Passed    0.01 sec\n      Start 32: check_UNIT_Uuid_TEST\n32/90 Test #32: check_UNIT_Uuid_TEST ...................................   Passed    0.02 sec\n      Start 33: UNIT_ign_TEST\n33/90 Test #33: UNIT_ign_TEST ..........................................***Timeout 240.05 sec\n[==========] Running 12 tests from 1 test case.\n[----------] Global test environment set-up.\n[----------] 12 tests from ignTest\n[ RUN      ] ignTest.TopicList\n/home/t/projects/debris/approach-simulator/ignitionrobotics/ign-transport/src/ign_TEST.cc:100: Failure\nValue of: topicFound\n  Actual: false\nExpected: true\n[  FAILED  ] ignTest.TopicList (15312 ms)\n[ RUN      ] ignTest.TopicInfo\n/home/t/projects/debris/approach-simulator/ignitionrobotics/ign-transport/src/ign_TEST.cc:132: Failure\nValue of: infoFound\n  Actual: false\nExpected: true\n/home/t/projects/debris/approach-simulator/ignitionrobotics/ign-transport/src/ign_TEST.cc:133: Failure\nValue of: output.find(\"ignition.msgs.Vector3d\") != std::string::npos\n  Actual: false\nExpected: true\n[  FAILED  ] ignTest.TopicInfo (15939 ms)\n[ RUN      ] ignTest.ServiceList\n/home/t/projects/debris/approach-simulator/ignitionrobotics/ign-transport/src/ign_TEST.cc:165: Failure\nValue of: serviceFound\n  Actual: false\nExpected: true\n[  FAILED  ] ignTest.ServiceList (14928 ms)\n[ RUN      ] ignTest.ServiceInfo\n/home/t/projects/debris/approach-simulator/ignitionrobotics/ign-transport/src/ign_TEST.cc:197: Failure\nValue of: infoFound\n  Actual: false\nExpected: true\n/home/t/projects/debris/approach-simulator/ignitionrobotics/ign-transport/src/ign_TEST.cc:198: Failure\nValue of: output.find(\"ignition.msgs.Int32\") != std::string::npos\n  Actual: false\nExpected: true\n[  FAILED  ] ignTest.ServiceInfo (15324 ms)\n[ RUN      ] ignTest.TopicListSameProc\n/home/t/projects/debris/approach-simulator/ignitionrobotics/ign-transport/src/ign_TEST.cc:232: Failure\nValue of: topicFound\n  Actual: false\nExpected: true\n[  FAILED  ] ignTest.TopicListSameProc (15533 ms)\n[ RUN      ] ignTest.TopicInfoSameProc\n/home/t/projects/debris/approach-simulator/ignitionrobotics/ign-transport/src/ign_TEST.cc:264: Failure\nValue of: infoFound\n  Actual: false\nExpected: true\n/home/t/projects/debris/approach-simulator/ignitionrobotics/ign-transport/src/ign_TEST.cc:265: Failure\nValue of: output.find(\"ignition.msgs.Vector3d\") != std::string::npos\n  Actual: false\nExpected: true\n[  FAILED  ] ignTest.TopicInfoSameProc (15731 ms)\n[ RUN      ] ignTest.ServiceListSameProc\n/home/t/projects/debris/approach-simulator/ignitionrobotics/ign-transport/src/ign_TEST.cc:288: Failure\nValue of: serviceFound\n  Actual: false\nExpected: true\n[  FAILED  ] ignTest.ServiceListSameProc (15542 ms)\n[ RUN      ] ignTest.ServiceInfoSameProc\n/home/t/projects/debris/approach-simulator/ignitionrobotics/ign-transport/src/ign_TEST.cc:312: Failure\nValue of: infoFound\n  Actual: false\nExpected: true\n/home/t/projects/debris/approach-simulator/ignitionrobotics/ign-transport/src/ign_TEST.cc:313: Failure\nValue of: output.find(\"ignition.msgs.Int32\") != std::string::npos\n  Actual: false\nExpected: true\n[  FAILED  ] ignTest.ServiceInfoSameProc (15149 ms)\n[ RUN      ] ignTest.TopicPublish\n/home/t/projects/debris/approach-simulator/ignitionrobotics/ign-transport/src/ign_TEST.cc:334: Failure\nExpected equality of these values:\n  g_topicCBStr\n    Which is: \"bad_value\"\n  \"good_value\"\n[  FAILED  ] ignTest.TopicPublish (1972 ms)\n[ RUN      ] ignTest.ServiceRequest\n/home/t/projects/debris/approach-simulator/ignitionrobotics/ign-transport/src/ign_TEST.cc:372: Failure\nExpected equality of these values:\n  output\n    Which is: \"Service call timed out\\n\"\n  \"data: \" + value + \"\\n\\n\"\n    Which is: \"data: 10\\n\\n\"\nWith diff:\n@@ -1,1 +1,2 @@\n-Service call timed out\\n\n+data: 10\n+\\n\n\n[  FAILED  ] ignTest.ServiceRequest (1188 ms)\n[ RUN      ] ignTest.TopicEcho\n/home/t/projects/debris/approach-simulator/ignitionrobotics/ign-transport/src/ign_TEST.cc:392: Failure\nValue of: output.find(\"x: 1\") != std::string::npos\n  Actual: false\nExpected: true\n/home/t/projects/debris/approach-simulator/ignitionrobotics/ign-transport/src/ign_TEST.cc:393: Failure\nValue of: output.find(\"y: 2\") != std::string::npos\n  Actual: false\nExpected: true\n/home/t/projects/debris/approach-simulator/ignitionrobotics/ign-transport/src/ign_TEST.cc:394: Failure\nValue of: output.find(\"z: 3\") != std::string::npos\n  Actual: false\nExpected: true\n[  FAILED  ] ignTest.TopicEcho (3115 ms)\n[ RUN      ] ignTest.TopicEchoNum\n\n      Start 34: check_UNIT_ign_TEST\n34/90 Test #34: check_UNIT_ign_TEST ....................................   Passed    0.03 sec\n      Start 35: UNIT_ign_src_TEST\n35/90 Test #35: UNIT_ign_src_TEST ......................................   Passed    1.32 sec\n      Start 36: check_UNIT_ign_src_TEST\n36/90 Test #36: check_UNIT_ign_src_TEST ................................   Passed    0.03 sec\n      Start 37: INTEGRATION_versioned_symbols\n37/90 Test #37: INTEGRATION_versioned_symbols ..........................   Passed    0.03 sec\n      Start 38: INTEGRATION_authPubSub\n38/90 Test #38: INTEGRATION_authPubSub .................................   Passed   10.32 sec\n      Start 39: check_INTEGRATION_authPubSub\n39/90 Test #39: check_INTEGRATION_authPubSub ...........................   Passed    0.03 sec\n      Start 40: INTEGRATION_scopedTopic\n40/90 Test #40: INTEGRATION_scopedTopic ................................   Passed    1.62 sec\n      Start 41: check_INTEGRATION_scopedTopic\n41/90 Test #41: check_INTEGRATION_scopedTopic ..........................   Passed    0.03 sec\n      Start 42: INTEGRATION_twoProcsPubSub\n42/90 Test #42: INTEGRATION_twoProcsPubSub .............................***Exception: SegFault 51.86 sec\n[==========] Running 12 tests from 1 test case.\n[----------] Global test environment set-up.\n[----------] 12 tests from twoProcPubSub\n[ RUN      ] twoProcPubSub.PubSubTwoProcsThreeNodes\n[==========] Running 1 test from 1 test case.\n[----------] Global test environment set-up.\n[----------] 1 test from twoProcPubSub\n[ RUN      ] twoProcPubSub.PubSubTwoProcsTwoNodesSubscriber\n/home/t/projects/debris/approach-simulator/ignitionrobotics/ign-transport/test/integration/twoProcsPubSub.cc:126: Failure\nValue of: pub.HasConnections()\n  Actual: false\nExpected: true\n/home/t/projects/debris/approach-simulator/ignitionrobotics/ign-transport/test/integration/twoProcsPubSubSubscriber_aux.cc:105: Failure\nValue of: cbExecuted\n  Actual: false\nExpected: true\n/home/t/projects/debris/approach-simulator/ignitionrobotics/ign-transport/test/integration/twoProcsPubSubSubscriber_aux.cc:106: Failure\nValue of: cbRawExecuted\n  Actual: false\nExpected: true\n/home/t/projects/debris/approach-simulator/ignitionrobotics/ign-transport/test/integration/twoProcsPubSubSubscriber_aux.cc:107: Failure\nValue of: cb2Executed\n  Actual: false\nExpected: true\n/home/t/projects/debris/approach-simulator/ignitionrobotics/ign-transport/test/integration/twoProcsPubSubSubscriber_aux.cc:116: Failure\nValue of: node.Unsubscribe(g_topic)\n  Actual: false\nExpected: true\n/home/t/projects/debris/approach-simulator/ignitionrobotics/ign-transport/test/integration/twoProcsPubSubSubscriber_aux.cc:125: Failure\nValue of: cb2Executed\n  Actual: false\nExpected: true\n[  FAILED  ] twoProcPubSub.PubSubTwoProcsTwoNodesSubscriber (12010 ms)\n[----------] 1 test from twoProcPubSub (12010 ms total)\n\n[----------] Global test environment tear-down\n[==========] 1 test from 1 test case ran. (12010 ms total)\n[  PASSED  ] 0 tests.\n[  FAILED  ] 1 test, listed below:\n[  FAILED  ] twoProcPubSub.PubSubTwoProcsTwoNodesSubscriber\n\n 1 FAILED TEST\n[  FAILED  ] twoProcPubSub.PubSubTwoProcsThreeNodes (12121 ms)\n[ RUN      ] twoProcPubSub.RawPubSubTwoProcsThreeNodes\n[==========] Running 1 test from 1 test case.\n[----------] Global test environment set-up.\n[----------] 1 test from twoProcPubSub\n[ RUN      ] twoProcPubSub.PubSubTwoProcsTwoNodesSubscriber\n/home/t/projects/debris/approach-simulator/ignitionrobotics/ign-transport/test/integration/twoProcsPubSub.cc:168: Failure\nExpected: (retries) < (5u), actual: 6 vs 5\n/home/t/projects/debris/approach-simulator/ignitionrobotics/ign-transport/test/integration/twoProcsPubSubSubscriber_aux.cc:105: Failure\nValue of: cbExecuted\n  Actual: false\nExpected: true\n/home/t/projects/debris/approach-simulator/ignitionrobotics/ign-transport/test/integration/twoProcsPubSubSubscriber_aux.cc:106: Failure\nValue of: cbRawExecuted\n  Actual: false\nExpected: true\n/home/t/projects/debris/approach-simulator/ignitionrobotics/ign-transport/test/integration/twoProcsPubSubSubscriber_aux.cc:107: Failure\nValue of: cb2Executed\n  Actual: false\nExpected: true\n/home/t/projects/debris/approach-simulator/ignitionrobotics/ign-transport/test/integration/twoProcsPubSubSubscriber_aux.cc:116: Failure\nValue of: node.Unsubscribe(g_topic)\n  Actual: false\nExpected: true\n/home/t/projects/debris/approach-simulator/ignitionrobotics/ign-transport/test/integration/twoProcsPubSubSubscriber_aux.cc:125: Failure\nValue of: cb2Executed\n  Actual: false\nExpected: true\n[  FAILED  ] twoProcPubSub.PubSubTwoProcsTwoNodesSubscriber (12010 ms)\n[----------] 1 test from twoProcPubSub (12010 ms total)\n\n[----------] Global test environment tear-down\n[==========] 1 test from 1 test case ran. (12011 ms total)\n[  PASSED  ] 0 tests.\n[  FAILED  ] 1 test, listed below:\n[  FAILED  ] twoProcPubSub.PubSubTwoProcsTwoNodesSubscriber\n\n 1 FAILED TEST\n[  FAILED  ] twoProcPubSub.RawPubSubTwoProcsThreeNodes (12117 ms)\n[ RUN      ] twoProcPubSub.PubSubWrongTypesOnSubscription\n[       OK ] twoProcPubSub.PubSubWrongTypesOnSubscription (3121 ms)\n[ RUN      ] twoProcPubSub.PubRawSubWrongTypesOnSubscription\n[       OK ] twoProcPubSub.PubRawSubWrongTypesOnSubscription (3120 ms)\n[ RUN      ] twoProcPubSub.PubSubWrongTypesTwoSubscribers\n/home/t/projects/debris/approach-simulator/ignitionrobotics/ign-transport/test/integration/twoProcsPubSub.cc:268: Failure\nValue of: cbVectorExecuted\n  Actual: false\nExpected: true\n/home/t/projects/debris/approach-simulator/ignitionrobotics/ign-transport/test/integration/twoProcsPubSub.cc:269: Failure\nValue of: genericCbExecuted\n  Actual: false\nExpected: true\n[  FAILED  ] twoProcPubSub.PubSubWrongTypesTwoSubscribers (3119 ms)\n[ RUN      ] twoProcPubSub.PubSubWrongTypesTwoRawSubscribers\n/home/t/projects/debris/approach-simulator/ignitionrobotics/ign-transport/test/integration/twoProcsPubSub.cc:332: Failure\nValue of: correctRawCbExecuted\n  Actual: false\nExpected: true\n/home/t/projects/debris/approach-simulator/ignitionrobotics/ign-transport/test/integration/twoProcsPubSub.cc:333: Failure\nValue of: genericRawCbExecuted\n  Actual: false\nExpected: true\n[  FAILED  ] twoProcPubSub.PubSubWrongTypesTwoRawSubscribers (3120 ms)\n[ RUN      ] twoProcPubSub.FastPublisher\n[       OK ] twoProcPubSub.FastPublisher (620 ms)\n[ RUN      ] twoProcPubSub.SubThrottled\n/home/t/projects/debris/approach-simulator/ignitionrobotics/ign-transport/test/integration/twoProcsPubSub.cc:386: Failure\nExpected equality of these values:\n  counter\n    Which is: 0\n  2\n[  FAILED  ] twoProcPubSub.SubThrottled (3001 ms)\n[ RUN      ] twoProcPubSub.PubThrottled\n/home/t/projects/debris/approach-simulator/ignitionrobotics/ign-transport/test/integration/twoProcsPubSub.cc:415: Failure\nExpected equality of these values:\n  counter\n    Which is: 0\n  2\n[  FAILED  ] twoProcPubSub.PubThrottled (3120 ms)\n[ RUN      ] twoProcPubSub.PubSubMessageInfo\n[       OK ] twoProcPubSub.PubSubMessageInfo (3120 ms)\n[ RUN      ] twoProcPubSub.TopicList\n/home/t/projects/debris/approach-simulator/ignitionrobotics/ign-transport/test/integration/twoProcsPubSub.cc:472: Failure\nExpected equality of these values:\n  topics.size()\n    Which is: 0\n  1u\n    Which is: 1\n[  FAILED  ] twoProcPubSub.TopicList (2501 ms)\n[ RUN      ] twoProcPubSub.TopicInfo\n/home/t/projects/debris/approach-simulator/ignitionrobotics/ign-transport/test/integration/twoProcsPubSub.cc:526: Failure\nValue of: node.TopicInfo(\"/foo\", publishers)\n  Actual: false\nExpected: true\n/home/t/projects/debris/approach-simulator/ignitionrobotics/ign-transport/test/integration/twoProcsPubSub.cc:527: Failure\nExpected equality of these values:\n  publishers.size()\n    Which is: 0\n  1u\n    Which is: 1\n\n      Start 43: check_INTEGRATION_twoProcsPubSub\n43/90 Test #43: check_INTEGRATION_twoProcsPubSub .......................   Passed    0.03 sec\n      Start 44: INTEGRATION_twoProcsSrvCall\n44/90 Test #44: INTEGRATION_twoProcsSrvCall ............................***Exception: SegFault 29.74 sec\n[==========] Running 6 tests from 1 test case.\n[----------] Global test environment set-up.\n[----------] 6 tests from twoProcSrvCall\n[ RUN      ] twoProcSrvCall.SrvTwoProcs\n/home/t/projects/debris/approach-simulator/ignitionrobotics/ign-transport/test/integration/twoProcsSrvCall.cc:92: Failure\nValue of: responseExecuted\n  Actual: false\nExpected: true\n/home/t/projects/debris/approach-simulator/ignitionrobotics/ign-transport/test/integration/twoProcsSrvCall.cc:93: Failure\nExpected equality of these values:\n  counter\n    Which is: 0\n  1\n/home/t/projects/debris/approach-simulator/ignitionrobotics/ign-transport/test/integration/twoProcsSrvCall.cc:108: Failure\nValue of: responseExecuted\n  Actual: false\nExpected: true\n/home/t/projects/debris/approach-simulator/ignitionrobotics/ign-transport/test/integration/twoProcsSrvCall.cc:109: Failure\nExpected equality of these values:\n  counter\n    Which is: 0\n  1\n[  FAILED  ] twoProcSrvCall.SrvTwoProcs (6115 ms)\n[ RUN      ] twoProcSrvCall.SrvRequestWrongReq\n[       OK ] twoProcSrvCall.SrvRequestWrongReq (6121 ms)\n[ RUN      ] twoProcSrvCall.SrvRequestWrongRep\n[       OK ] twoProcSrvCall.SrvRequestWrongRep (6121 ms)\n[ RUN      ] twoProcSrvCall.SrvTwoRequestsOneWrong\n/home/t/projects/debris/approach-simulator/ignitionrobotics/ign-transport/test/integration/twoProcsSrvCall.cc:233: Failure\nValue of: node.Request(g_topic, req, timeout, goodRep, result)\n  Actual: false\nExpected: true\n/home/t/projects/debris/approach-simulator/ignitionrobotics/ign-transport/test/integration/twoProcsSrvCall.cc:236: Failure\nValue of: responseExecuted\n  Actual: false\nExpected: true\n[  FAILED  ] twoProcSrvCall.SrvTwoRequestsOneWrong (6119 ms)\n[ RUN      ] twoProcSrvCall.ServiceList\n/home/t/projects/debris/approach-simulator/ignitionrobotics/ign-transport/test/integration/twoProcsSrvCall.cc:268: Failure\nExpected equality of these values:\n  services.size()\n    Which is: 0\n  1u\n    Which is: 1\n[  FAILED  ] twoProcSrvCall.ServiceList (2501 ms)\n[ RUN      ] twoProcSrvCall.ServiceInfo\n/home/t/projects/debris/approach-simulator/ignitionrobotics/ign-transport/test/integration/twoProcsSrvCall.cc:322: Failure\nValue of: node.ServiceInfo(\"/foo\", publishers)\n  Actual: false\nExpected: true\n/home/t/projects/debris/approach-simulator/ignitionrobotics/ign-transport/test/integration/twoProcsSrvCall.cc:323: Failure\nExpected equality of these values:\n  publishers.size()\n    Which is: 0\n  1u\n    Which is: 1\n\n      Start 45: check_INTEGRATION_twoProcsSrvCall\n45/90 Test #45: check_INTEGRATION_twoProcsSrvCall ......................   Passed    0.03 sec\n      Start 46: INTEGRATION_twoProcsSrvCallStress\n```", "markup": "markdown", "html": "<p>Long log ahead:</p>\n<div class=\"codehilite\"><pre><span></span>(venv) [t@tpc build]$ CTEST_OUTPUT_ON_FAILURE=ON make test\nRunning tests...\nTest project /home/t/projects/debris/approach-simulator/ignitionrobotics/ign-transport/build\n      Start  1: UNIT_AdvertiseOptions_TEST\n 1/90 Test  #1: UNIT_AdvertiseOptions_TEST .............................   Passed    0.01 sec\n      Start  2: check_UNIT_AdvertiseOptions_TEST\n 2/90 Test  #2: check_UNIT_AdvertiseOptions_TEST .......................   Passed    0.02 sec\n      Start  3: UNIT_CIface_TEST\n 3/90 Test  #3: UNIT_CIface_TEST .......................................   Passed    0.12 sec\n      Start  4: check_UNIT_CIface_TEST\n 4/90 Test  #4: check_UNIT_CIface_TEST .................................   Passed    0.03 sec\n      Start  5: UNIT_Clock_TEST\n 5/90 Test  #5: UNIT_Clock_TEST ........................................   Passed    1.42 sec\n      Start  6: check_UNIT_Clock_TEST\n 6/90 Test  #6: check_UNIT_Clock_TEST ..................................   Passed    0.02 sec\n      Start  7: UNIT_Discovery_TEST\n 7/90 Test  #7: UNIT_Discovery_TEST ....................................***Failed   17.43 sec\nRunning main() from gtest_main.cc\n[==========] Running 11 tests from 1 test case.\n[----------] Global test environment set-up.\n[----------] 11 tests from DiscoveryTest\n[ RUN      ] DiscoveryTest.TestBasicAPI\n[       OK ] DiscoveryTest.TestBasicAPI (1 ms)\n[ RUN      ] DiscoveryTest.WithoutCallingStart\n[       OK ] DiscoveryTest.WithoutCallingStart (1 ms)\n[ RUN      ] DiscoveryTest.TestAdvertiseNoResponse\n[       OK ] DiscoveryTest.TestAdvertiseNoResponse (1102 ms)\n[ RUN      ] DiscoveryTest.TestAdvertise\n---------------\nEnabled: false\nDiscovery state\n        UUID: 8ed5cf66-b448-42db-a088-37efba4d2c21\nSettings\n        Activity: 100 ms.\n        Heartbeat: 1000ms.\n        Silence: 3000 ms.\nKnown information:\n---\nActivity\n        &lt;empty&gt;\n---------------\n        * Sending HEARTBEAT msg []\n        * Sending HEARTBEAT msg []\n/home/t/projects/debris/approach-simulator/ignitionrobotics/ign-transport/src/Discovery_TEST.cc:231: Failure\nValue of: connectionExecuted\n  Actual: false\nExpected: true\n        * Sending HEARTBEAT msg []\n        * Sending HEARTBEAT msg []\n/home/t/projects/debris/approach-simulator/ignitionrobotics/ign-transport/src/Discovery_TEST.cc:260: Failure\nValue of: connectionExecuted\n  Actual: false\nExpected: true\n        * Sending BYE msg []\n[  FAILED  ] DiscoveryTest.TestAdvertise (3103 ms)\n[ RUN      ] DiscoveryTest.TestAdvertiseSameProc\n[       OK ] DiscoveryTest.TestAdvertiseSameProc (1102 ms)\n[ RUN      ] DiscoveryTest.TestDiscover\n/home/t/projects/debris/approach-simulator/ignitionrobotics/ign-transport/src/Discovery_TEST.cc:325: Failure\nValue of: connectionExecuted\n  Actual: false\nExpected: true\n/home/t/projects/debris/approach-simulator/ignitionrobotics/ign-transport/src/Discovery_TEST.cc:336: Failure\nValue of: connectionExecuted\n  Actual: false\nExpected: true\n[  FAILED  ] DiscoveryTest.TestDiscover (1301 ms)\n[ RUN      ] DiscoveryTest.TestUnadvertise\n/home/t/projects/debris/approach-simulator/ignitionrobotics/ign-transport/src/Discovery_TEST.cc:377: Failure\nValue of: disconnectionExecuted\n  Actual: false\nExpected: true\n[  FAILED  ] DiscoveryTest.TestUnadvertise (2103 ms)\n[ RUN      ] DiscoveryTest.TestNodeBye\n/home/t/projects/debris/approach-simulator/ignitionrobotics/ign-transport/src/Discovery_TEST.cc:423: Failure\nValue of: disconnectionExecuted\n  Actual: false\nExpected: true\n[  FAILED  ] DiscoveryTest.TestNodeBye (2203 ms)\n[ RUN      ] DiscoveryTest.TestTwoPublishersSameTopic\n/home/t/projects/debris/approach-simulator/ignitionrobotics/ign-transport/src/Discovery_TEST.cc:472: Failure\nExpected equality of these values:\n  g_counter\n    Which is: 1\n  2\n/home/t/projects/debris/approach-simulator/ignitionrobotics/ign-transport/src/Discovery_TEST.cc:484: Failure\nExpected equality of these values:\n  g_counter\n    Which is: 1\n  2\n[  FAILED  ] DiscoveryTest.TestTwoPublishersSameTopic (1402 ms)\n[ RUN      ] DiscoveryTest.TestActivity\n/home/t/projects/debris/approach-simulator/ignitionrobotics/ign-transport/src/Discovery_TEST.cc:80: Failure\nExpected equality of these values:\n  this-&gt;activity.find(_pUuid) != this-&gt;activity.end()\n    Which is: false\n  _expectedActivity\n    Which is: true\n/home/t/projects/debris/approach-simulator/ignitionrobotics/ign-transport/src/Discovery_TEST.cc:80: Failure\nExpected equality of these values:\n  this-&gt;activity.find(_pUuid) != this-&gt;activity.end()\n    Which is: false\n  _expectedActivity\n    Which is: true\n[  FAILED  ] DiscoveryTest.TestActivity (5103 ms)\n[ RUN      ] DiscoveryTest.WrongIgnIp\nError setting socket option (IP_MULTICAST_IF).\nDid you set the environment variable IGN_IP with a correct IP address? \n  [127.0.0.0] seems an invalid local IP address.\n  Using 127.0.0.1 as hostname.\n[       OK ] DiscoveryTest.WrongIgnIp (0 ms)\n[----------] 11 tests from DiscoveryTest (17422 ms total)\n\n[----------] Global test environment tear-down\n[==========] 11 tests from 1 test case ran. (17422 ms total)\n[  PASSED  ] 5 tests.\n[  FAILED  ] 6 tests, listed below:\n[  FAILED  ] DiscoveryTest.TestAdvertise\n[  FAILED  ] DiscoveryTest.TestDiscover\n[  FAILED  ] DiscoveryTest.TestUnadvertise\n[  FAILED  ] DiscoveryTest.TestNodeBye\n[  FAILED  ] DiscoveryTest.TestTwoPublishersSameTopic\n[  FAILED  ] DiscoveryTest.TestActivity\n\n 6 FAILED TESTS\n\n      Start  8: check_UNIT_Discovery_TEST\n 8/90 Test  #8: check_UNIT_Discovery_TEST ..............................   Passed    0.03 sec\n      Start  9: UNIT_HandlerStorage_TEST\n 9/90 Test  #9: UNIT_HandlerStorage_TEST ...............................   Passed    0.02 sec\n      Start 10: check_UNIT_HandlerStorage_TEST\n10/90 Test #10: check_UNIT_HandlerStorage_TEST .........................   Passed    0.03 sec\n      Start 11: UNIT_Helpers_TEST\n11/90 Test #11: UNIT_Helpers_TEST ......................................   Passed    0.02 sec\n      Start 12: check_UNIT_Helpers_TEST\n12/90 Test #12: check_UNIT_Helpers_TEST ................................   Passed    0.02 sec\n      Start 13: UNIT_MessageInfo_TEST\n13/90 Test #13: UNIT_MessageInfo_TEST ..................................   Passed    0.01 sec\n      Start 14: check_UNIT_MessageInfo_TEST\n14/90 Test #14: check_UNIT_MessageInfo_TEST ............................   Passed    0.02 sec\n      Start 15: UNIT_NetUtils_TEST\n15/90 Test #15: UNIT_NetUtils_TEST .....................................   Passed    0.01 sec\n      Start 16: check_UNIT_NetUtils_TEST\n16/90 Test #16: check_UNIT_NetUtils_TEST ...............................   Passed    0.02 sec\n      Start 17: UNIT_NodeOptions_TEST\n17/90 Test #17: UNIT_NodeOptions_TEST ..................................   Passed    0.02 sec\n      Start 18: check_UNIT_NodeOptions_TEST\n18/90 Test #18: check_UNIT_NodeOptions_TEST ............................   Passed    0.03 sec\n      Start 19: UNIT_Node_TEST\n19/90 Test #19: UNIT_Node_TEST .........................................   Passed   17.92 sec\n      Start 20: check_UNIT_Node_TEST\n20/90 Test #20: check_UNIT_Node_TEST ...................................   Passed    0.03 sec\n      Start 21: UNIT_Packet_TEST\n21/90 Test #21: UNIT_Packet_TEST .......................................   Passed    0.02 sec\n      Start 22: check_UNIT_Packet_TEST\n22/90 Test #22: check_UNIT_Packet_TEST .................................   Passed    0.02 sec\n      Start 23: UNIT_Publisher_TEST\n23/90 Test #23: UNIT_Publisher_TEST ....................................   Passed    0.02 sec\n      Start 24: check_UNIT_Publisher_TEST\n24/90 Test #24: check_UNIT_Publisher_TEST ..............................   Passed    0.02 sec\n      Start 25: UNIT_SubscribeOptions_TEST\n25/90 Test #25: UNIT_SubscribeOptions_TEST .............................   Passed    0.02 sec\n      Start 26: check_UNIT_SubscribeOptions_TEST\n26/90 Test #26: check_UNIT_SubscribeOptions_TEST .......................   Passed    0.03 sec\n      Start 27: UNIT_TopicStorage_TEST\n27/90 Test #27: UNIT_TopicStorage_TEST .................................   Passed    0.02 sec\n      Start 28: check_UNIT_TopicStorage_TEST\n28/90 Test #28: check_UNIT_TopicStorage_TEST ...........................   Passed    0.02 sec\n      Start 29: UNIT_TopicUtils_TEST\n29/90 Test #29: UNIT_TopicUtils_TEST ...................................   Passed    0.02 sec\n      Start 30: check_UNIT_TopicUtils_TEST\n30/90 Test #30: check_UNIT_TopicUtils_TEST .............................   Passed    0.02 sec\n      Start 31: UNIT_Uuid_TEST\n31/90 Test #31: UNIT_Uuid_TEST .........................................   Passed    0.01 sec\n      Start 32: check_UNIT_Uuid_TEST\n32/90 Test #32: check_UNIT_Uuid_TEST ...................................   Passed    0.02 sec\n      Start 33: UNIT_ign_TEST\n33/90 Test #33: UNIT_ign_TEST ..........................................***Timeout 240.05 sec\n[==========] Running 12 tests from 1 test case.\n[----------] Global test environment set-up.\n[----------] 12 tests from ignTest\n[ RUN      ] ignTest.TopicList\n/home/t/projects/debris/approach-simulator/ignitionrobotics/ign-transport/src/ign_TEST.cc:100: Failure\nValue of: topicFound\n  Actual: false\nExpected: true\n[  FAILED  ] ignTest.TopicList (15312 ms)\n[ RUN      ] ignTest.TopicInfo\n/home/t/projects/debris/approach-simulator/ignitionrobotics/ign-transport/src/ign_TEST.cc:132: Failure\nValue of: infoFound\n  Actual: false\nExpected: true\n/home/t/projects/debris/approach-simulator/ignitionrobotics/ign-transport/src/ign_TEST.cc:133: Failure\nValue of: output.find(&quot;ignition.msgs.Vector3d&quot;) != std::string::npos\n  Actual: false\nExpected: true\n[  FAILED  ] ignTest.TopicInfo (15939 ms)\n[ RUN      ] ignTest.ServiceList\n/home/t/projects/debris/approach-simulator/ignitionrobotics/ign-transport/src/ign_TEST.cc:165: Failure\nValue of: serviceFound\n  Actual: false\nExpected: true\n[  FAILED  ] ignTest.ServiceList (14928 ms)\n[ RUN      ] ignTest.ServiceInfo\n/home/t/projects/debris/approach-simulator/ignitionrobotics/ign-transport/src/ign_TEST.cc:197: Failure\nValue of: infoFound\n  Actual: false\nExpected: true\n/home/t/projects/debris/approach-simulator/ignitionrobotics/ign-transport/src/ign_TEST.cc:198: Failure\nValue of: output.find(&quot;ignition.msgs.Int32&quot;) != std::string::npos\n  Actual: false\nExpected: true\n[  FAILED  ] ignTest.ServiceInfo (15324 ms)\n[ RUN      ] ignTest.TopicListSameProc\n/home/t/projects/debris/approach-simulator/ignitionrobotics/ign-transport/src/ign_TEST.cc:232: Failure\nValue of: topicFound\n  Actual: false\nExpected: true\n[  FAILED  ] ignTest.TopicListSameProc (15533 ms)\n[ RUN      ] ignTest.TopicInfoSameProc\n/home/t/projects/debris/approach-simulator/ignitionrobotics/ign-transport/src/ign_TEST.cc:264: Failure\nValue of: infoFound\n  Actual: false\nExpected: true\n/home/t/projects/debris/approach-simulator/ignitionrobotics/ign-transport/src/ign_TEST.cc:265: Failure\nValue of: output.find(&quot;ignition.msgs.Vector3d&quot;) != std::string::npos\n  Actual: false\nExpected: true\n[  FAILED  ] ignTest.TopicInfoSameProc (15731 ms)\n[ RUN      ] ignTest.ServiceListSameProc\n/home/t/projects/debris/approach-simulator/ignitionrobotics/ign-transport/src/ign_TEST.cc:288: Failure\nValue of: serviceFound\n  Actual: false\nExpected: true\n[  FAILED  ] ignTest.ServiceListSameProc (15542 ms)\n[ RUN      ] ignTest.ServiceInfoSameProc\n/home/t/projects/debris/approach-simulator/ignitionrobotics/ign-transport/src/ign_TEST.cc:312: Failure\nValue of: infoFound\n  Actual: false\nExpected: true\n/home/t/projects/debris/approach-simulator/ignitionrobotics/ign-transport/src/ign_TEST.cc:313: Failure\nValue of: output.find(&quot;ignition.msgs.Int32&quot;) != std::string::npos\n  Actual: false\nExpected: true\n[  FAILED  ] ignTest.ServiceInfoSameProc (15149 ms)\n[ RUN      ] ignTest.TopicPublish\n/home/t/projects/debris/approach-simulator/ignitionrobotics/ign-transport/src/ign_TEST.cc:334: Failure\nExpected equality of these values:\n  g_topicCBStr\n    Which is: &quot;bad_value&quot;\n  &quot;good_value&quot;\n[  FAILED  ] ignTest.TopicPublish (1972 ms)\n[ RUN      ] ignTest.ServiceRequest\n/home/t/projects/debris/approach-simulator/ignitionrobotics/ign-transport/src/ign_TEST.cc:372: Failure\nExpected equality of these values:\n  output\n    Which is: &quot;Service call timed out\\n&quot;\n  &quot;data: &quot; + value + &quot;\\n\\n&quot;\n    Which is: &quot;data: 10\\n\\n&quot;\nWith diff:\n@@ -1,1 +1,2 @@\n-Service call timed out\\n\n+data: 10\n+\\n\n\n[  FAILED  ] ignTest.ServiceRequest (1188 ms)\n[ RUN      ] ignTest.TopicEcho\n/home/t/projects/debris/approach-simulator/ignitionrobotics/ign-transport/src/ign_TEST.cc:392: Failure\nValue of: output.find(&quot;x: 1&quot;) != std::string::npos\n  Actual: false\nExpected: true\n/home/t/projects/debris/approach-simulator/ignitionrobotics/ign-transport/src/ign_TEST.cc:393: Failure\nValue of: output.find(&quot;y: 2&quot;) != std::string::npos\n  Actual: false\nExpected: true\n/home/t/projects/debris/approach-simulator/ignitionrobotics/ign-transport/src/ign_TEST.cc:394: Failure\nValue of: output.find(&quot;z: 3&quot;) != std::string::npos\n  Actual: false\nExpected: true\n[  FAILED  ] ignTest.TopicEcho (3115 ms)\n[ RUN      ] ignTest.TopicEchoNum\n\n      Start 34: check_UNIT_ign_TEST\n34/90 Test #34: check_UNIT_ign_TEST ....................................   Passed    0.03 sec\n      Start 35: UNIT_ign_src_TEST\n35/90 Test #35: UNIT_ign_src_TEST ......................................   Passed    1.32 sec\n      Start 36: check_UNIT_ign_src_TEST\n36/90 Test #36: check_UNIT_ign_src_TEST ................................   Passed    0.03 sec\n      Start 37: INTEGRATION_versioned_symbols\n37/90 Test #37: INTEGRATION_versioned_symbols ..........................   Passed    0.03 sec\n      Start 38: INTEGRATION_authPubSub\n38/90 Test #38: INTEGRATION_authPubSub .................................   Passed   10.32 sec\n      Start 39: check_INTEGRATION_authPubSub\n39/90 Test #39: check_INTEGRATION_authPubSub ...........................   Passed    0.03 sec\n      Start 40: INTEGRATION_scopedTopic\n40/90 Test #40: INTEGRATION_scopedTopic ................................   Passed    1.62 sec\n      Start 41: check_INTEGRATION_scopedTopic\n41/90 Test #41: check_INTEGRATION_scopedTopic ..........................   Passed    0.03 sec\n      Start 42: INTEGRATION_twoProcsPubSub\n42/90 Test #42: INTEGRATION_twoProcsPubSub .............................***Exception: SegFault 51.86 sec\n[==========] Running 12 tests from 1 test case.\n[----------] Global test environment set-up.\n[----------] 12 tests from twoProcPubSub\n[ RUN      ] twoProcPubSub.PubSubTwoProcsThreeNodes\n[==========] Running 1 test from 1 test case.\n[----------] Global test environment set-up.\n[----------] 1 test from twoProcPubSub\n[ RUN      ] twoProcPubSub.PubSubTwoProcsTwoNodesSubscriber\n/home/t/projects/debris/approach-simulator/ignitionrobotics/ign-transport/test/integration/twoProcsPubSub.cc:126: Failure\nValue of: pub.HasConnections()\n  Actual: false\nExpected: true\n/home/t/projects/debris/approach-simulator/ignitionrobotics/ign-transport/test/integration/twoProcsPubSubSubscriber_aux.cc:105: Failure\nValue of: cbExecuted\n  Actual: false\nExpected: true\n/home/t/projects/debris/approach-simulator/ignitionrobotics/ign-transport/test/integration/twoProcsPubSubSubscriber_aux.cc:106: Failure\nValue of: cbRawExecuted\n  Actual: false\nExpected: true\n/home/t/projects/debris/approach-simulator/ignitionrobotics/ign-transport/test/integration/twoProcsPubSubSubscriber_aux.cc:107: Failure\nValue of: cb2Executed\n  Actual: false\nExpected: true\n/home/t/projects/debris/approach-simulator/ignitionrobotics/ign-transport/test/integration/twoProcsPubSubSubscriber_aux.cc:116: Failure\nValue of: node.Unsubscribe(g_topic)\n  Actual: false\nExpected: true\n/home/t/projects/debris/approach-simulator/ignitionrobotics/ign-transport/test/integration/twoProcsPubSubSubscriber_aux.cc:125: Failure\nValue of: cb2Executed\n  Actual: false\nExpected: true\n[  FAILED  ] twoProcPubSub.PubSubTwoProcsTwoNodesSubscriber (12010 ms)\n[----------] 1 test from twoProcPubSub (12010 ms total)\n\n[----------] Global test environment tear-down\n[==========] 1 test from 1 test case ran. (12010 ms total)\n[  PASSED  ] 0 tests.\n[  FAILED  ] 1 test, listed below:\n[  FAILED  ] twoProcPubSub.PubSubTwoProcsTwoNodesSubscriber\n\n 1 FAILED TEST\n[  FAILED  ] twoProcPubSub.PubSubTwoProcsThreeNodes (12121 ms)\n[ RUN      ] twoProcPubSub.RawPubSubTwoProcsThreeNodes\n[==========] Running 1 test from 1 test case.\n[----------] Global test environment set-up.\n[----------] 1 test from twoProcPubSub\n[ RUN      ] twoProcPubSub.PubSubTwoProcsTwoNodesSubscriber\n/home/t/projects/debris/approach-simulator/ignitionrobotics/ign-transport/test/integration/twoProcsPubSub.cc:168: Failure\nExpected: (retries) &lt; (5u), actual: 6 vs 5\n/home/t/projects/debris/approach-simulator/ignitionrobotics/ign-transport/test/integration/twoProcsPubSubSubscriber_aux.cc:105: Failure\nValue of: cbExecuted\n  Actual: false\nExpected: true\n/home/t/projects/debris/approach-simulator/ignitionrobotics/ign-transport/test/integration/twoProcsPubSubSubscriber_aux.cc:106: Failure\nValue of: cbRawExecuted\n  Actual: false\nExpected: true\n/home/t/projects/debris/approach-simulator/ignitionrobotics/ign-transport/test/integration/twoProcsPubSubSubscriber_aux.cc:107: Failure\nValue of: cb2Executed\n  Actual: false\nExpected: true\n/home/t/projects/debris/approach-simulator/ignitionrobotics/ign-transport/test/integration/twoProcsPubSubSubscriber_aux.cc:116: Failure\nValue of: node.Unsubscribe(g_topic)\n  Actual: false\nExpected: true\n/home/t/projects/debris/approach-simulator/ignitionrobotics/ign-transport/test/integration/twoProcsPubSubSubscriber_aux.cc:125: Failure\nValue of: cb2Executed\n  Actual: false\nExpected: true\n[  FAILED  ] twoProcPubSub.PubSubTwoProcsTwoNodesSubscriber (12010 ms)\n[----------] 1 test from twoProcPubSub (12010 ms total)\n\n[----------] Global test environment tear-down\n[==========] 1 test from 1 test case ran. (12011 ms total)\n[  PASSED  ] 0 tests.\n[  FAILED  ] 1 test, listed below:\n[  FAILED  ] twoProcPubSub.PubSubTwoProcsTwoNodesSubscriber\n\n 1 FAILED TEST\n[  FAILED  ] twoProcPubSub.RawPubSubTwoProcsThreeNodes (12117 ms)\n[ RUN      ] twoProcPubSub.PubSubWrongTypesOnSubscription\n[       OK ] twoProcPubSub.PubSubWrongTypesOnSubscription (3121 ms)\n[ RUN      ] twoProcPubSub.PubRawSubWrongTypesOnSubscription\n[       OK ] twoProcPubSub.PubRawSubWrongTypesOnSubscription (3120 ms)\n[ RUN      ] twoProcPubSub.PubSubWrongTypesTwoSubscribers\n/home/t/projects/debris/approach-simulator/ignitionrobotics/ign-transport/test/integration/twoProcsPubSub.cc:268: Failure\nValue of: cbVectorExecuted\n  Actual: false\nExpected: true\n/home/t/projects/debris/approach-simulator/ignitionrobotics/ign-transport/test/integration/twoProcsPubSub.cc:269: Failure\nValue of: genericCbExecuted\n  Actual: false\nExpected: true\n[  FAILED  ] twoProcPubSub.PubSubWrongTypesTwoSubscribers (3119 ms)\n[ RUN      ] twoProcPubSub.PubSubWrongTypesTwoRawSubscribers\n/home/t/projects/debris/approach-simulator/ignitionrobotics/ign-transport/test/integration/twoProcsPubSub.cc:332: Failure\nValue of: correctRawCbExecuted\n  Actual: false\nExpected: true\n/home/t/projects/debris/approach-simulator/ignitionrobotics/ign-transport/test/integration/twoProcsPubSub.cc:333: Failure\nValue of: genericRawCbExecuted\n  Actual: false\nExpected: true\n[  FAILED  ] twoProcPubSub.PubSubWrongTypesTwoRawSubscribers (3120 ms)\n[ RUN      ] twoProcPubSub.FastPublisher\n[       OK ] twoProcPubSub.FastPublisher (620 ms)\n[ RUN      ] twoProcPubSub.SubThrottled\n/home/t/projects/debris/approach-simulator/ignitionrobotics/ign-transport/test/integration/twoProcsPubSub.cc:386: Failure\nExpected equality of these values:\n  counter\n    Which is: 0\n  2\n[  FAILED  ] twoProcPubSub.SubThrottled (3001 ms)\n[ RUN      ] twoProcPubSub.PubThrottled\n/home/t/projects/debris/approach-simulator/ignitionrobotics/ign-transport/test/integration/twoProcsPubSub.cc:415: Failure\nExpected equality of these values:\n  counter\n    Which is: 0\n  2\n[  FAILED  ] twoProcPubSub.PubThrottled (3120 ms)\n[ RUN      ] twoProcPubSub.PubSubMessageInfo\n[       OK ] twoProcPubSub.PubSubMessageInfo (3120 ms)\n[ RUN      ] twoProcPubSub.TopicList\n/home/t/projects/debris/approach-simulator/ignitionrobotics/ign-transport/test/integration/twoProcsPubSub.cc:472: Failure\nExpected equality of these values:\n  topics.size()\n    Which is: 0\n  1u\n    Which is: 1\n[  FAILED  ] twoProcPubSub.TopicList (2501 ms)\n[ RUN      ] twoProcPubSub.TopicInfo\n/home/t/projects/debris/approach-simulator/ignitionrobotics/ign-transport/test/integration/twoProcsPubSub.cc:526: Failure\nValue of: node.TopicInfo(&quot;/foo&quot;, publishers)\n  Actual: false\nExpected: true\n/home/t/projects/debris/approach-simulator/ignitionrobotics/ign-transport/test/integration/twoProcsPubSub.cc:527: Failure\nExpected equality of these values:\n  publishers.size()\n    Which is: 0\n  1u\n    Which is: 1\n\n      Start 43: check_INTEGRATION_twoProcsPubSub\n43/90 Test #43: check_INTEGRATION_twoProcsPubSub .......................   Passed    0.03 sec\n      Start 44: INTEGRATION_twoProcsSrvCall\n44/90 Test #44: INTEGRATION_twoProcsSrvCall ............................***Exception: SegFault 29.74 sec\n[==========] Running 6 tests from 1 test case.\n[----------] Global test environment set-up.\n[----------] 6 tests from twoProcSrvCall\n[ RUN      ] twoProcSrvCall.SrvTwoProcs\n/home/t/projects/debris/approach-simulator/ignitionrobotics/ign-transport/test/integration/twoProcsSrvCall.cc:92: Failure\nValue of: responseExecuted\n  Actual: false\nExpected: true\n/home/t/projects/debris/approach-simulator/ignitionrobotics/ign-transport/test/integration/twoProcsSrvCall.cc:93: Failure\nExpected equality of these values:\n  counter\n    Which is: 0\n  1\n/home/t/projects/debris/approach-simulator/ignitionrobotics/ign-transport/test/integration/twoProcsSrvCall.cc:108: Failure\nValue of: responseExecuted\n  Actual: false\nExpected: true\n/home/t/projects/debris/approach-simulator/ignitionrobotics/ign-transport/test/integration/twoProcsSrvCall.cc:109: Failure\nExpected equality of these values:\n  counter\n    Which is: 0\n  1\n[  FAILED  ] twoProcSrvCall.SrvTwoProcs (6115 ms)\n[ RUN      ] twoProcSrvCall.SrvRequestWrongReq\n[       OK ] twoProcSrvCall.SrvRequestWrongReq (6121 ms)\n[ RUN      ] twoProcSrvCall.SrvRequestWrongRep\n[       OK ] twoProcSrvCall.SrvRequestWrongRep (6121 ms)\n[ RUN      ] twoProcSrvCall.SrvTwoRequestsOneWrong\n/home/t/projects/debris/approach-simulator/ignitionrobotics/ign-transport/test/integration/twoProcsSrvCall.cc:233: Failure\nValue of: node.Request(g_topic, req, timeout, goodRep, result)\n  Actual: false\nExpected: true\n/home/t/projects/debris/approach-simulator/ignitionrobotics/ign-transport/test/integration/twoProcsSrvCall.cc:236: Failure\nValue of: responseExecuted\n  Actual: false\nExpected: true\n[  FAILED  ] twoProcSrvCall.SrvTwoRequestsOneWrong (6119 ms)\n[ RUN      ] twoProcSrvCall.ServiceList\n/home/t/projects/debris/approach-simulator/ignitionrobotics/ign-transport/test/integration/twoProcsSrvCall.cc:268: Failure\nExpected equality of these values:\n  services.size()\n    Which is: 0\n  1u\n    Which is: 1\n[  FAILED  ] twoProcSrvCall.ServiceList (2501 ms)\n[ RUN      ] twoProcSrvCall.ServiceInfo\n/home/t/projects/debris/approach-simulator/ignitionrobotics/ign-transport/test/integration/twoProcsSrvCall.cc:322: Failure\nValue of: node.ServiceInfo(&quot;/foo&quot;, publishers)\n  Actual: false\nExpected: true\n/home/t/projects/debris/approach-simulator/ignitionrobotics/ign-transport/test/integration/twoProcsSrvCall.cc:323: Failure\nExpected equality of these values:\n  publishers.size()\n    Which is: 0\n  1u\n    Which is: 1\n\n      Start 45: check_INTEGRATION_twoProcsSrvCall\n45/90 Test #45: check_INTEGRATION_twoProcsSrvCall ......................   Passed    0.03 sec\n      Start 46: INTEGRATION_twoProcsSrvCallStress\n</pre></div>", "type": "rendered"}, "created_on": "2019-09-10T22:07:06.454533+00:00", "user": {"display_name": "Til Hoff", "uuid": "{5b5196a3-571e-4e4c-bed3-6f72e4dabba8}", "links": {"self": {"href": "https://api.bitbucket.org/2.0/users/%7B5b5196a3-571e-4e4c-bed3-6f72e4dabba8%7D"}, "html": {"href": "https://bitbucket.org/%7B5b5196a3-571e-4e4c-bed3-6f72e4dabba8%7D/"}, "avatar": {"href": "data/secure.gravatar.com/avatar/1835281ac000de88eb0ed5f38cd82eaed=httpsavatar-management--avatars.us-west-2.prod.public.atl-paas.netinitialsTH-5.png"}}, "nickname": "turakar", "type": "user", "account_id": "557058:0928ff78-c705-4502-bf3b-52e34e5508f2"}, "updated_on": null, "type": "issue_comment", "id": 53842845}, {"links": {"self": {"href": "data/repositories/ignitionrobotics/ign-transport/issues/113/comments/53911389.json"}, "html": {"href": "#!/ignitionrobotics/ign-transport/issues/113#comment-53911389"}}, "issue": {"links": {"self": {"href": "data/repositories/ignitionrobotics/ign-transport/issues/113.json"}}, "type": "issue", "id": 113, "repository": {"links": {"self": {"href": "data/repositories/ignitionrobotics/ign-transport.json"}, "html": {"href": "#!/ignitionrobotics/ign-transport"}, "avatar": {"href": "data/bytebucket.org/ravatar/{4249390a-7f55-404b-990d-817ba94cc7ac}ts=1533306"}}, "type": "repository", "name": "ign-transport", "full_name": "ignitionrobotics/ign-transport", "uuid": "{4249390a-7f55-404b-990d-817ba94cc7ac}"}, "title": "[Fedora KDE] Tests do not pass on fresh source install - Discovery fails"}, "content": {"raw": "Reproduced the error on Fedora KDE 30.", "markup": "markdown", "html": "<p>Reproduced the error on Fedora KDE 30.</p>", "type": "rendered"}, "created_on": "2019-09-15T14:44:19.759043+00:00", "user": {"display_name": "Til Hoff", "uuid": "{5b5196a3-571e-4e4c-bed3-6f72e4dabba8}", "links": {"self": {"href": "https://api.bitbucket.org/2.0/users/%7B5b5196a3-571e-4e4c-bed3-6f72e4dabba8%7D"}, "html": {"href": "https://bitbucket.org/%7B5b5196a3-571e-4e4c-bed3-6f72e4dabba8%7D/"}, "avatar": {"href": "data/secure.gravatar.com/avatar/1835281ac000de88eb0ed5f38cd82eaed=httpsavatar-management--avatars.us-west-2.prod.public.atl-paas.netinitialsTH-5.png"}}, "nickname": "turakar", "type": "user", "account_id": "557058:0928ff78-c705-4502-bf3b-52e34e5508f2"}, "updated_on": "2019-09-30T09:56:41.665492+00:00", "type": "issue_comment", "id": 53911389}, {"links": {"self": {"href": "data/repositories/ignitionrobotics/ign-transport/issues/113/comments/54086980.json"}, "html": {"href": "#!/ignitionrobotics/ign-transport/issues/113#comment-54086980"}}, "issue": {"links": {"self": {"href": "data/repositories/ignitionrobotics/ign-transport/issues/113.json"}}, "type": "issue", "id": 113, "repository": {"links": {"self": {"href": "data/repositories/ignitionrobotics/ign-transport.json"}, "html": {"href": "#!/ignitionrobotics/ign-transport"}, "avatar": {"href": "data/bytebucket.org/ravatar/{4249390a-7f55-404b-990d-817ba94cc7ac}ts=1533306"}}, "type": "repository", "name": "ign-transport", "full_name": "ignitionrobotics/ign-transport", "uuid": "{4249390a-7f55-404b-990d-817ba94cc7ac}"}, "title": "[Fedora KDE] Tests do not pass on fresh source install - Discovery fails"}, "content": {"raw": "Reproduced the error regarding gazebo failing to start on Fedora KDE 30 with a combination of the official `ignition-transport` package from the Fedora Repos and a source install of Gazebo.", "markup": "markdown", "html": "<p>Reproduced the error regarding gazebo failing to start on Fedora KDE 30 with a combination of the official <code>ignition-transport</code> package from the Fedora Repos and a source install of Gazebo.</p>", "type": "rendered"}, "created_on": "2019-09-26T09:17:48.025337+00:00", "user": {"display_name": "Til Hoff", "uuid": "{5b5196a3-571e-4e4c-bed3-6f72e4dabba8}", "links": {"self": {"href": "https://api.bitbucket.org/2.0/users/%7B5b5196a3-571e-4e4c-bed3-6f72e4dabba8%7D"}, "html": {"href": "https://bitbucket.org/%7B5b5196a3-571e-4e4c-bed3-6f72e4dabba8%7D/"}, "avatar": {"href": "data/secure.gravatar.com/avatar/1835281ac000de88eb0ed5f38cd82eaed=httpsavatar-management--avatars.us-west-2.prod.public.atl-paas.netinitialsTH-5.png"}}, "nickname": "turakar", "type": "user", "account_id": "557058:0928ff78-c705-4502-bf3b-52e34e5508f2"}, "updated_on": "2019-09-30T09:57:00.577984+00:00", "type": "issue_comment", "id": 54086980}, {"links": {"self": {"href": "data/repositories/ignitionrobotics/ign-transport/issues/113/comments/54130208.json"}, "html": {"href": "#!/ignitionrobotics/ign-transport/issues/113#comment-54130208"}}, "issue": {"links": {"self": {"href": "data/repositories/ignitionrobotics/ign-transport/issues/113.json"}}, "type": "issue", "id": 113, "repository": {"links": {"self": {"href": "data/repositories/ignitionrobotics/ign-transport.json"}, "html": {"href": "#!/ignitionrobotics/ign-transport"}, "avatar": {"href": "data/bytebucket.org/ravatar/{4249390a-7f55-404b-990d-817ba94cc7ac}ts=1533306"}}, "type": "repository", "name": "ign-transport", "full_name": "ignitionrobotics/ign-transport", "uuid": "{4249390a-7f55-404b-990d-817ba94cc7ac}"}, "title": "[Fedora KDE] Tests do not pass on fresh source install - Discovery fails"}, "content": {"raw": "I did some more testing with different VMs. It seems like the problem only happens on Fedora KDE, not on classic Fedora \\(using Gnome\\). As Fedora KDE is a \u201cSpin\u201d, both flavours share the same package repositories. Therefore the issue should not be related to dependencies. Currently, I think the problem is related to different \\(network\\) configurations. Therefore I have some questions regarding the discovery phase:\r\n\r\n* How is the discovery implemented?\r\n* Which ports are used \\(if any\\)?\r\n* Are there special network operations used which might require extra permissions?\r\n\r\n\u200c", "markup": "markdown", "html": "<p>I did some more testing with different VMs. It seems like the problem only happens on Fedora KDE, not on classic Fedora (using Gnome). As Fedora KDE is a \u201cSpin\u201d, both flavours share the same package repositories. Therefore the issue should not be related to dependencies. Currently, I think the problem is related to different (network) configurations. Therefore I have some questions regarding the discovery phase:</p>\n<ul>\n<li>How is the discovery implemented?</li>\n<li>Which ports are used (if any)?</li>\n<li>Are there special network operations used which might require extra permissions?</li>\n</ul>\n<p>\u200c</p>", "type": "rendered"}, "created_on": "2019-09-30T09:56:22.462138+00:00", "user": {"display_name": "Til Hoff", "uuid": "{5b5196a3-571e-4e4c-bed3-6f72e4dabba8}", "links": {"self": {"href": "https://api.bitbucket.org/2.0/users/%7B5b5196a3-571e-4e4c-bed3-6f72e4dabba8%7D"}, "html": {"href": "https://bitbucket.org/%7B5b5196a3-571e-4e4c-bed3-6f72e4dabba8%7D/"}, "avatar": {"href": "data/secure.gravatar.com/avatar/1835281ac000de88eb0ed5f38cd82eaed=httpsavatar-management--avatars.us-west-2.prod.public.atl-paas.netinitialsTH-5.png"}}, "nickname": "turakar", "type": "user", "account_id": "557058:0928ff78-c705-4502-bf3b-52e34e5508f2"}, "updated_on": null, "type": "issue_comment", "id": 54130208}, {"links": {"self": {"href": "data/repositories/ignitionrobotics/ign-transport/issues/113/comments/54152353.json"}, "html": {"href": "#!/ignitionrobotics/ign-transport/issues/113#comment-54152353"}}, "issue": {"links": {"self": {"href": "data/repositories/ignitionrobotics/ign-transport/issues/113.json"}}, "type": "issue", "id": 113, "repository": {"links": {"self": {"href": "data/repositories/ignitionrobotics/ign-transport.json"}, "html": {"href": "#!/ignitionrobotics/ign-transport"}, "avatar": {"href": "data/bytebucket.org/ravatar/{4249390a-7f55-404b-990d-817ba94cc7ac}ts=1533306"}}, "type": "repository", "name": "ign-transport", "full_name": "ignitionrobotics/ign-transport", "uuid": "{4249390a-7f55-404b-990d-817ba94cc7ac}"}, "title": "[Fedora KDE] Tests do not pass on fresh source install - Discovery fails"}, "content": {"raw": "Workaround: `IGN_IP=127.0.0.1`\r\n\r\nThis prevents the use of distributed computing environments.", "markup": "markdown", "html": "<p>Workaround: <code>IGN_IP=127.0.0.1</code></p>\n<p>This prevents the use of distributed computing environments.</p>", "type": "rendered"}, "created_on": "2019-10-01T11:48:22.505820+00:00", "user": {"display_name": "Til Hoff", "uuid": "{5b5196a3-571e-4e4c-bed3-6f72e4dabba8}", "links": {"self": {"href": "https://api.bitbucket.org/2.0/users/%7B5b5196a3-571e-4e4c-bed3-6f72e4dabba8%7D"}, "html": {"href": "https://bitbucket.org/%7B5b5196a3-571e-4e4c-bed3-6f72e4dabba8%7D/"}, "avatar": {"href": "data/secure.gravatar.com/avatar/1835281ac000de88eb0ed5f38cd82eaed=httpsavatar-management--avatars.us-west-2.prod.public.atl-paas.netinitialsTH-5.png"}}, "nickname": "turakar", "type": "user", "account_id": "557058:0928ff78-c705-4502-bf3b-52e34e5508f2"}, "updated_on": null, "type": "issue_comment", "id": 54152353}], "page": 1, "size": 6}